<?xml version="1.0" encoding="UTF-8"?>
<testng-results ignored="0" total="1" passed="1" failed="0" skipped="0">
  <reporter-output>
  </reporter-output>
  <suite started-at="2021-06-30T17:59:46 IST" name="Default suite" finished-at="2021-06-30T18:00:39 IST" duration-ms="53008">
    <groups>
    </groups>
    <test started-at="2021-06-30T17:59:46 IST" name="Default test" finished-at="2021-06-30T18:00:39 IST" duration-ms="53008">
      <class name="WebUITesting.WebTest">
        <test-method signature="VerifyMkMyTrip()[pri:0, instance:WebUITesting.WebTest@55b53d44]" started-at="2021-06-30T17:59:46 IST" name="VerifyMkMyTrip" finished-at="2021-06-30T18:00:39 IST" duration-ms="52870" status="PASS">
          <reporter-output>
          </reporter-output>
        </test-method> <!-- VerifyMkMyTrip -->
      </class> <!-- WebUITesting.WebTest -->
    </test> <!-- Default test -->
  </suite> <!-- Default suite -->
</testng-results>
